nov. 18, 2024 1:18:26 PM server.Servant configureLogger
INFO: Logger configuration complete.
nov. 18, 2024 1:18:39 PM server.Servant login
INFO: User DavidUser logged in with session valid until: 1731932619736
nov. 18, 2024 1:19:00 PM server.Servant isSessionValid
INFO: Session extended for user: DavidUser
nov. 18, 2024 1:19:00 PM server.Servant print
INFO: Print command received. User: DavidUser, File: cool.txt, Printer: coolprinter
nov. 18, 2024 1:19:07 PM server.Servant isSessionValid
INFO: Session extended for user: DavidUser
nov. 18, 2024 1:19:07 PM server.Servant validateSession
WARNING: Unauthorized access attempt by user: DavidUser
nov. 18, 2024 1:19:16 PM server.Servant isSessionValid
INFO: Session extended for user: DavidUser
nov. 18, 2024 1:19:16 PM server.Servant queue
INFO: Queue command received. User: DavidUser, Printer: coolprinter
nov. 18, 2024 1:19:36 PM server.Servant isSessionValid
INFO: Session extended for user: DavidUser
nov. 18, 2024 1:19:36 PM server.Servant validateSession
WARNING: Unauthorized access attempt by user: DavidUser
nov. 18, 2024 1:20:21 PM server.Servant configureLogger
INFO: Logger configuration complete.
nov. 18, 2024 1:20:31 PM server.Servant login
INFO: User AliceAdmin logged in with session valid until: 1731932731557
nov. 18, 2024 1:20:40 PM server.Servant isSessionValid
INFO: Session extended for user: AliceAdmin
nov. 18, 2024 1:20:40 PM server.Servant setConfig
INFO: Set configuration command received. User: AliceAdmin, Parameter: time, Value: 100
nov. 18, 2024 1:20:48 PM server.Servant isSessionValid
INFO: Session extended for user: AliceAdmin
nov. 18, 2024 1:20:48 PM server.Servant readConfig
INFO: Read configuration command received. User: AliceAdmin, Parameter: time
nov. 18, 2024 1:20:55 PM server.Servant isSessionValid
INFO: Session extended for user: AliceAdmin
nov. 18, 2024 1:20:55 PM server.Servant start
INFO: Start command received. User: AliceAdmin
nov. 18, 2024 1:21:08 PM server.Servant isSessionValid
INFO: Session extended for user: AliceAdmin
nov. 18, 2024 1:21:08 PM server.Servant print
INFO: Print command received. User: AliceAdmin, File: cool.txt, Printer: coolprinter
nov. 18, 2024 2:29:17 PM server.Servant configureLogger
INFO: Logger configuration complete.
nov. 18, 2024 2:29:34 PM server.Servant login
INFO: User EricaUser logged in with session valid until: 1731936873999
nov. 18, 2024 2:29:37 PM server.Servant isSessionValid
INFO: Session extended for user: EricaUser
nov. 18, 2024 2:29:37 PM server.Servant validateSession
WARNING: Unauthorized access attempt by user: EricaUser, Tried to run: stop
nov. 20, 2024 1:58:58 PM server.Servant configureLogger
INFO: Logger configuration complete.
nov. 20, 2024 2:57:31 PM server.Servant configureLogger
INFO: Logger configuration complete.
