Nov 22, 2024 8:45:31 AM server.Servant configureLogger
INFO: Logger configuration complete.
Nov 22, 2024 8:45:37 AM server.Servant login
WARNING: Login failed for user: AliceAdmin
Nov 22, 2024 8:47:25 AM server.Servant configureLogger
INFO: Logger configuration complete.
Nov 22, 2024 8:47:36 AM server.Servant login
INFO: User AliceAdmin logged in with session valid until: 1732261956179
Nov 22, 2024 9:17:51 AM server.Servant configureLogger
INFO: Logger configuration complete.
Nov 22, 2024 9:18:26 AM server.Servant configureLogger
INFO: Logger configuration complete.
Nov 22, 2024 9:19:54 AM server.Servant configureLogger
INFO: Logger configuration complete.
Nov 22, 2024 9:25:52 AM server.Servant configureLogger
INFO: Logger configuration complete.
Nov 22, 2024 9:31:16 AM server.Servant configureLogger
INFO: Logger configuration complete.
Nov 22, 2024 9:31:16 AM server.Servant <init>
WARNING: File roles_perms.csv does not exist or is empty
Nov 22, 2024 9:31:50 AM server.Servant configureLogger
INFO: Logger configuration complete.
Nov 22, 2024 9:31:50 AM server.Servant <init>
WARNING: File roles_perms.csv does not exist or is empty
Nov 22, 2024 9:32:09 AM server.Servant configureLogger
INFO: Logger configuration complete.
Nov 22, 2024 9:32:17 AM server.Servant login
INFO: User AliceAdmin logged in with session valid until: 1732264637340
Nov 22, 2024 9:34:33 AM server.Servant configureLogger
INFO: Logger configuration complete.
Nov 22, 2024 9:35:02 AM server.Servant login
WARNING: Login failed for user: Hacker
Nov 22, 2024 9:36:50 AM server.Servant configureLogger
INFO: Logger configuration complete.
Nov 22, 2024 9:37:05 AM server.Servant login
WARNING: Login failed for user: DavidUser
Nov 22, 2024 9:37:10 AM server.Servant configureLogger
INFO: Logger configuration complete.
Nov 22, 2024 9:37:14 AM server.Servant login
WARNING: Login failed for user: David
Nov 22, 2024 9:37:25 AM server.Servant configureLogger
INFO: Logger configuration complete.
Nov 22, 2024 9:37:33 AM server.Servant login
WARNING: Login failed for user: DavidUser
Nov 22, 2024 9:40:39 AM server.Servant configureLogger
INFO: Logger configuration complete.
Nov 22, 2024 9:40:47 AM server.Servant login
INFO: User DavidUser logged in with session valid until: 1732265147772
Nov 22, 2024 9:40:50 AM server.Servant isSessionValid
INFO: Session extended for user: DavidUser
Nov 22, 2024 9:40:50 AM server.Servant restart
INFO: Restart command received. User: DavidUser
Nov 22, 2024 10:18:25 AM server.Servant configureLogger
INFO: Logger configuration complete.
Nov 22, 2024 10:18:25 AM server.Servant mapUsers
INFO: Read user: AliceAdminwith role: admin
Nov 22, 2024 10:18:25 AM server.Servant mapUsers
INFO: Read user: Ceciliawith role: poweruser
Nov 22, 2024 10:18:25 AM server.Servant mapUsers
INFO: Read user: Ericawith role: user
Nov 22, 2024 10:18:25 AM server.Servant mapUsers
INFO: Read user: Georgewith role: user
Nov 22, 2024 10:18:25 AM server.Servant mapUsers
INFO: Read user: AliceAdminwith role: admin
Nov 22, 2024 10:18:25 AM server.Servant mapUsers
INFO: Read user: Ceciliawith role: poweruser
Nov 22, 2024 10:18:25 AM server.Servant mapUsers
INFO: Read user: Ericawith role: user
Nov 22, 2024 10:18:25 AM server.Servant mapUsers
INFO: Read user: Georgewith role: user
Nov 22, 2024 10:18:25 AM server.Servant mapUsers
INFO: Read user: AliceAdminwith role: admin
Nov 22, 2024 10:18:25 AM server.Servant mapUsers
INFO: Read user: Ceciliawith role: poweruser
Nov 22, 2024 10:18:25 AM server.Servant mapUsers
INFO: Read user: Ericawith role: user
Nov 22, 2024 10:18:25 AM server.Servant mapUsers
INFO: Read user: Georgewith role: user
Nov 22, 2024 10:18:25 AM server.Servant mapUsers
INFO: Read user: AliceAdminwith role: admin
Nov 22, 2024 10:18:25 AM server.Servant mapUsers
INFO: Read user: Ceciliawith role: poweruser
Nov 22, 2024 10:18:25 AM server.Servant mapUsers
INFO: Read user: Ericawith role: user
Nov 22, 2024 10:18:25 AM server.Servant mapUsers
INFO: Read user: Georgewith role: user
Nov 22, 2024 10:18:47 AM server.Servant configureLogger
INFO: Logger configuration complete.
Nov 22, 2024 10:18:47 AM server.Servant mapUsers
INFO: Read user: AliceAdmin with role: admin
Nov 22, 2024 10:18:47 AM server.Servant mapUsers
INFO: Read user: Cecilia with role: poweruser
Nov 22, 2024 10:18:47 AM server.Servant mapUsers
INFO: Read user: Erica with role: user
Nov 22, 2024 10:18:47 AM server.Servant mapUsers
INFO: Read user: George with role: user
Nov 22, 2024 10:18:47 AM server.Servant mapUsers
INFO: Read user: AliceAdmin with role: admin
Nov 22, 2024 10:18:47 AM server.Servant mapUsers
INFO: Read user: Cecilia with role: poweruser
Nov 22, 2024 10:18:47 AM server.Servant mapUsers
INFO: Read user: Erica with role: user
Nov 22, 2024 10:18:47 AM server.Servant mapUsers
INFO: Read user: George with role: user
Nov 22, 2024 10:18:47 AM server.Servant mapUsers
INFO: Read user: AliceAdmin with role: admin
Nov 22, 2024 10:18:47 AM server.Servant mapUsers
INFO: Read user: Cecilia with role: poweruser
Nov 22, 2024 10:18:47 AM server.Servant mapUsers
INFO: Read user: Erica with role: user
Nov 22, 2024 10:18:47 AM server.Servant mapUsers
INFO: Read user: George with role: user
Nov 22, 2024 10:18:47 AM server.Servant mapUsers
INFO: Read user: AliceAdmin with role: admin
Nov 22, 2024 10:18:47 AM server.Servant mapUsers
INFO: Read user: Cecilia with role: poweruser
Nov 22, 2024 10:18:47 AM server.Servant mapUsers
INFO: Read user: Erica with role: user
Nov 22, 2024 10:18:47 AM server.Servant mapUsers
INFO: Read user: George with role: user
Nov 22, 2024 10:18:51 AM server.Servant configureLogger
INFO: Logger configuration complete.
Nov 22, 2024 10:18:52 AM server.Servant mapUsers
INFO: Read user: AliceAdmin with role: admin
Nov 22, 2024 10:18:52 AM server.Servant mapUsers
INFO: Read user: Cecilia with role: poweruser
Nov 22, 2024 10:18:52 AM server.Servant mapUsers
INFO: Read user: Erica with role: user
Nov 22, 2024 10:18:52 AM server.Servant mapUsers
INFO: Read user: George with role: user
Nov 22, 2024 10:18:52 AM server.Servant mapUsers
INFO: Read user: AliceAdmin with role: admin
Nov 22, 2024 10:18:52 AM server.Servant mapUsers
INFO: Read user: Cecilia with role: poweruser
Nov 22, 2024 10:18:52 AM server.Servant mapUsers
INFO: Read user: Erica with role: user
Nov 22, 2024 10:18:52 AM server.Servant mapUsers
INFO: Read user: George with role: user
Nov 22, 2024 10:18:52 AM server.Servant mapUsers
INFO: Read user: AliceAdmin with role: admin
Nov 22, 2024 10:18:52 AM server.Servant mapUsers
INFO: Read user: Cecilia with role: poweruser
Nov 22, 2024 10:18:52 AM server.Servant mapUsers
INFO: Read user: Erica with role: user
Nov 22, 2024 10:18:52 AM server.Servant mapUsers
INFO: Read user: George with role: user
Nov 22, 2024 10:18:52 AM server.Servant mapUsers
INFO: Read user: AliceAdmin with role: admin
Nov 22, 2024 10:18:52 AM server.Servant mapUsers
INFO: Read user: Cecilia with role: poweruser
Nov 22, 2024 10:18:52 AM server.Servant mapUsers
INFO: Read user: Erica with role: user
Nov 22, 2024 10:18:52 AM server.Servant mapUsers
INFO: Read user: George with role: user
Nov 22, 2024 10:21:25 AM server.Servant configureLogger
INFO: Logger configuration complete.
Nov 22, 2024 10:21:25 AM server.Servant mapUsers
INFO: Read user: AliceAdmin with role: admin
Nov 22, 2024 10:21:25 AM server.Servant mapUsers
INFO: Read user: BobJanitor with role: tech
Nov 22, 2024 10:21:25 AM server.Servant mapUsers
INFO: Read user: Cecilia with role: poweruser
Nov 22, 2024 10:21:25 AM server.Servant mapUsers
INFO: Read user: David with role: user
Nov 22, 2024 10:21:25 AM server.Servant mapUsers
INFO: Read user: Erica with role: user
Nov 22, 2024 10:21:25 AM server.Servant mapUsers
INFO: Read user: Fred with role: user
Nov 22, 2024 10:21:25 AM server.Servant mapUsers
INFO: Read user: George with role: user
Nov 22, 2024 10:21:25 AM server.Servant mapUsers
INFO: Read user: AliceAdmin with role: admin
Nov 22, 2024 10:21:25 AM server.Servant mapUsers
INFO: Read user: BobJanitor with role: tech
Nov 22, 2024 10:21:25 AM server.Servant mapUsers
INFO: Read user: Cecilia with role: poweruser
Nov 22, 2024 10:21:25 AM server.Servant mapUsers
INFO: Read user: David with role: user
Nov 22, 2024 10:21:25 AM server.Servant mapUsers
INFO: Read user: Erica with role: user
Nov 22, 2024 10:21:25 AM server.Servant mapUsers
INFO: Read user: Fred with role: user
Nov 22, 2024 10:21:25 AM server.Servant mapUsers
INFO: Read user: George with role: user
Nov 22, 2024 10:21:25 AM server.Servant mapUsers
INFO: Read user: AliceAdmin with role: admin
Nov 22, 2024 10:21:25 AM server.Servant mapUsers
INFO: Read user: BobJanitor with role: tech
Nov 22, 2024 10:21:25 AM server.Servant mapUsers
INFO: Read user: Cecilia with role: poweruser
Nov 22, 2024 10:21:25 AM server.Servant mapUsers
INFO: Read user: David with role: user
Nov 22, 2024 10:21:25 AM server.Servant mapUsers
INFO: Read user: Erica with role: user
Nov 22, 2024 10:21:25 AM server.Servant mapUsers
INFO: Read user: Fred with role: user
Nov 22, 2024 10:21:25 AM server.Servant mapUsers
INFO: Read user: George with role: user
Nov 22, 2024 10:21:25 AM server.Servant mapUsers
INFO: Read user: AliceAdmin with role: admin
Nov 22, 2024 10:21:25 AM server.Servant mapUsers
INFO: Read user: BobJanitor with role: tech
Nov 22, 2024 10:21:25 AM server.Servant mapUsers
INFO: Read user: Cecilia with role: poweruser
Nov 22, 2024 10:21:25 AM server.Servant mapUsers
INFO: Read user: David with role: user
Nov 22, 2024 10:21:25 AM server.Servant mapUsers
INFO: Read user: Erica with role: user
Nov 22, 2024 10:21:25 AM server.Servant mapUsers
INFO: Read user: Fred with role: user
Nov 22, 2024 10:21:25 AM server.Servant mapUsers
INFO: Read user: George with role: user
Nov 22, 2024 10:22:04 AM server.Servant configureLogger
INFO: Logger configuration complete.
Nov 22, 2024 10:22:04 AM server.Servant mapUsers
INFO: Read user: AliceAdmin with role: admin
Nov 22, 2024 10:22:04 AM server.Servant mapUsers
INFO: Read user: BobJanitor with role: tech
Nov 22, 2024 10:22:04 AM server.Servant mapUsers
INFO: Read user: Cecilia with role: poweruser
Nov 22, 2024 10:22:04 AM server.Servant mapUsers
INFO: Read user: David with role: user
Nov 22, 2024 10:22:04 AM server.Servant mapUsers
INFO: Read user: Erica with role: user
Nov 22, 2024 10:22:04 AM server.Servant mapUsers
INFO: Read user: Fred with role: user
Nov 22, 2024 10:22:04 AM server.Servant mapUsers
INFO: Read user: George with role: user
Nov 22, 2024 10:22:04 AM server.Servant mapUsers
INFO: Read user: AliceAdmin with role: admin
Nov 22, 2024 10:22:04 AM server.Servant mapUsers
INFO: Read user: BobJanitor with role: tech
Nov 22, 2024 10:22:04 AM server.Servant mapUsers
INFO: Read user: Cecilia with role: poweruser
Nov 22, 2024 10:22:04 AM server.Servant mapUsers
INFO: Read user: David with role: user
Nov 22, 2024 10:22:04 AM server.Servant mapUsers
INFO: Read user: Erica with role: user
Nov 22, 2024 10:22:04 AM server.Servant mapUsers
INFO: Read user: Fred with role: user
Nov 22, 2024 10:22:04 AM server.Servant mapUsers
INFO: Read user: George with role: user
Nov 22, 2024 10:22:04 AM server.Servant mapUsers
INFO: Read user: AliceAdmin with role: admin
Nov 22, 2024 10:22:04 AM server.Servant mapUsers
INFO: Read user: BobJanitor with role: tech
Nov 22, 2024 10:22:04 AM server.Servant mapUsers
INFO: Read user: Cecilia with role: poweruser
Nov 22, 2024 10:22:04 AM server.Servant mapUsers
INFO: Read user: David with role: user
Nov 22, 2024 10:22:04 AM server.Servant mapUsers
INFO: Read user: Erica with role: user
Nov 22, 2024 10:22:04 AM server.Servant mapUsers
INFO: Read user: Fred with role: user
Nov 22, 2024 10:22:04 AM server.Servant mapUsers
INFO: Read user: George with role: user
Nov 22, 2024 10:22:04 AM server.Servant mapUsers
INFO: Read user: AliceAdmin with role: admin
Nov 22, 2024 10:22:04 AM server.Servant mapUsers
INFO: Read user: BobJanitor with role: tech
Nov 22, 2024 10:22:04 AM server.Servant mapUsers
INFO: Read user: Cecilia with role: poweruser
Nov 22, 2024 10:22:04 AM server.Servant mapUsers
INFO: Read user: David with role: user
Nov 22, 2024 10:22:04 AM server.Servant mapUsers
INFO: Read user: Erica with role: user
Nov 22, 2024 10:22:04 AM server.Servant mapUsers
INFO: Read user: Fred with role: user
Nov 22, 2024 10:22:04 AM server.Servant mapUsers
INFO: Read user: George with role: user
Nov 22, 2024 10:25:28 AM server.Servant configureLogger
INFO: Logger configuration complete.
Nov 22, 2024 10:25:28 AM server.Servant mapUsers
INFO: Read user: AliceAdmin with role: admin
Nov 22, 2024 10:25:28 AM server.Servant mapUsers
INFO: Read user: BobJanitor with role: tech
Nov 22, 2024 10:25:28 AM server.Servant mapUsers
INFO: Read user: Cecilia with role: poweruser
Nov 22, 2024 10:25:28 AM server.Servant mapUsers
INFO: Read user: David with role: user
Nov 22, 2024 10:25:28 AM server.Servant mapUsers
INFO: Read user: Erica with role: user
Nov 22, 2024 10:25:28 AM server.Servant mapUsers
INFO: Read user: Fred with role: user
Nov 22, 2024 10:25:28 AM server.Servant mapUsers
INFO: Read user: George with role: user
Nov 22, 2024 11:18:18 AM server.Servant configureLogger
INFO: Logger configuration complete.
Nov 22, 2024 11:18:18 AM server.Servant mapUsers
INFO: Read user: AliceAdmin with role: admin
Nov 22, 2024 11:18:18 AM server.Servant mapUsers
INFO: Read user: BobJanitor with role: tech
Nov 22, 2024 11:18:18 AM server.Servant mapUsers
INFO: Read user: Cecilia with role: poweruser
Nov 22, 2024 11:18:18 AM server.Servant mapUsers
INFO: Read user: David with role: user
Nov 22, 2024 11:18:18 AM server.Servant mapUsers
INFO: Read user: Erica with role: user
Nov 22, 2024 11:18:18 AM server.Servant mapUsers
INFO: Read user: Fred with role: user
Nov 22, 2024 11:18:18 AM server.Servant mapUsers
INFO: Read user: George with role: user
Nov 22, 2024 11:19:10 AM server.Servant configureLogger
INFO: Logger configuration complete.
Nov 22, 2024 11:19:10 AM server.Servant mapUsers
INFO: Read user: AliceAdmin with role: admin
Nov 22, 2024 11:19:10 AM server.Servant mapUsers
INFO: Read user: BobJanitor with role: tech
Nov 22, 2024 11:19:10 AM server.Servant mapUsers
INFO: Read user: Cecilia with role: poweruser
Nov 22, 2024 11:19:10 AM server.Servant mapUsers
INFO: Read user: David with role: user
Nov 22, 2024 11:19:10 AM server.Servant mapUsers
INFO: Read user: Erica with role: user
Nov 22, 2024 11:19:10 AM server.Servant mapUsers
INFO: Read user: Fred with role: user
Nov 22, 2024 11:19:10 AM server.Servant mapUsers
INFO: Read user: George with role: user
Nov 22, 2024 11:19:10 AM server.Servant permMapper
INFO: 	print	+	true
Nov 22, 2024 11:19:10 AM server.Servant permMapper
INFO: 	queue	+	true
Nov 22, 2024 11:19:10 AM server.Servant permMapper
INFO: 	topqueue	+	true
Nov 22, 2024 11:19:10 AM server.Servant permMapper
INFO: 	start	+	true
Nov 22, 2024 11:19:10 AM server.Servant permMapper
INFO: 	stop	+	true
Nov 22, 2024 11:19:10 AM server.Servant permMapper
INFO: 	restart	+	true
Nov 22, 2024 11:19:10 AM server.Servant permMapper
INFO: 	status	+	true
Nov 22, 2024 11:19:10 AM server.Servant permMapper
INFO: 	readconfig	+	true
Nov 22, 2024 11:19:10 AM server.Servant permMapper
INFO: 	setconfig	+	true
Nov 22, 2024 11:19:10 AM server.Servant mapRoles
INFO: Read role: admin with perms: 
Nov 22, 2024 11:19:10 AM server.Servant permMapper
INFO: 	print	+	false
Nov 22, 2024 11:19:10 AM server.Servant permMapper
INFO: 	queue	+	false
Nov 22, 2024 11:19:10 AM server.Servant permMapper
INFO: 	topqueue	+	false
Nov 22, 2024 11:19:10 AM server.Servant permMapper
INFO: 	start	+	true
Nov 22, 2024 11:19:10 AM server.Servant permMapper
INFO: 	stop	+	true
Nov 22, 2024 11:19:10 AM server.Servant permMapper
INFO: 	restart	+	true
Nov 22, 2024 11:19:10 AM server.Servant permMapper
INFO: 	status	+	true
Nov 22, 2024 11:19:10 AM server.Servant permMapper
INFO: 	readconfig	+	true
Nov 22, 2024 11:19:10 AM server.Servant permMapper
INFO: 	setconfig	+	true
Nov 22, 2024 11:19:10 AM server.Servant mapRoles
INFO: Read role: tech with perms: 
Nov 22, 2024 11:19:10 AM server.Servant permMapper
INFO: 	print	+	true
Nov 22, 2024 11:19:10 AM server.Servant permMapper
INFO: 	queue	+	true
Nov 22, 2024 11:19:10 AM server.Servant permMapper
INFO: 	topqueue	+	true
Nov 22, 2024 11:19:10 AM server.Servant permMapper
INFO: 	start	+	false
Nov 22, 2024 11:19:10 AM server.Servant permMapper
INFO: 	stop	+	false
Nov 22, 2024 11:19:10 AM server.Servant permMapper
INFO: 	restart	+	true
Nov 22, 2024 11:19:10 AM server.Servant permMapper
INFO: 	status	+	false
Nov 22, 2024 11:19:10 AM server.Servant permMapper
INFO: 	readconfig	+	false
Nov 22, 2024 11:19:10 AM server.Servant permMapper
INFO: 	setconfig	+	false
Nov 22, 2024 11:19:10 AM server.Servant mapRoles
INFO: Read role: poweruser with perms: 
Nov 22, 2024 11:19:10 AM server.Servant permMapper
INFO: 	print	+	true
Nov 22, 2024 11:19:10 AM server.Servant permMapper
INFO: 	queue	+	true
Nov 22, 2024 11:19:10 AM server.Servant permMapper
INFO: 	topqueue	+	false
Nov 22, 2024 11:19:10 AM server.Servant permMapper
INFO: 	start	+	false
Nov 22, 2024 11:19:10 AM server.Servant permMapper
INFO: 	stop	+	false
Nov 22, 2024 11:19:10 AM server.Servant permMapper
INFO: 	restart	+	false
Nov 22, 2024 11:19:10 AM server.Servant permMapper
INFO: 	status	+	false
Nov 22, 2024 11:19:10 AM server.Servant permMapper
INFO: 	readconfig	+	false
Nov 22, 2024 11:19:10 AM server.Servant permMapper
INFO: 	setconfig	+	false
Nov 22, 2024 11:19:10 AM server.Servant mapRoles
INFO: Read role: user with perms: 



Nov 22, 2024 11:21:03 AM server.Servant configureLogger
INFO: Logger configuration complete.
Nov 22, 2024 11:21:03 AM server.Servant mapUsers
INFO: Read user: AliceAdmin with role: admin
Nov 22, 2024 11:21:03 AM server.Servant mapUsers
INFO: Read user: BobJanitor with role: tech
Nov 22, 2024 11:21:03 AM server.Servant mapUsers
INFO: Read user: Cecilia with role: poweruser
Nov 22, 2024 11:21:03 AM server.Servant mapUsers
INFO: Read user: David with role: user
Nov 22, 2024 11:21:03 AM server.Servant mapUsers
INFO: Read user: Erica with role: user
Nov 22, 2024 11:21:03 AM server.Servant mapUsers
INFO: Read user: Fred with role: user
Nov 22, 2024 11:21:03 AM server.Servant mapUsers
INFO: Read user: George with role: user
Nov 22, 2024 11:21:03 AM server.Servant mapRoles
INFO: Read role: admin with perms: 
Nov 22, 2024 11:21:03 AM server.Servant permMapper
INFO: 	print	:	true
Nov 22, 2024 11:21:03 AM server.Servant permMapper
INFO: 	queue	:	true
Nov 22, 2024 11:21:03 AM server.Servant permMapper
INFO: 	topqueue	:	true
Nov 22, 2024 11:21:03 AM server.Servant permMapper
INFO: 	start	:	true
Nov 22, 2024 11:21:03 AM server.Servant permMapper
INFO: 	stop	:	true
Nov 22, 2024 11:21:03 AM server.Servant permMapper
INFO: 	restart	:	true
Nov 22, 2024 11:21:03 AM server.Servant permMapper
INFO: 	status	:	true
Nov 22, 2024 11:21:03 AM server.Servant permMapper
INFO: 	readconfig	:	true
Nov 22, 2024 11:21:03 AM server.Servant permMapper
INFO: 	setconfig	:	true
Nov 22, 2024 11:21:03 AM server.Servant mapRoles
INFO: Read role: tech with perms: 
Nov 22, 2024 11:21:03 AM server.Servant permMapper
INFO: 	print	:	false
Nov 22, 2024 11:21:03 AM server.Servant permMapper
INFO: 	queue	:	false
Nov 22, 2024 11:21:03 AM server.Servant permMapper
INFO: 	topqueue	:	false
Nov 22, 2024 11:21:03 AM server.Servant permMapper
INFO: 	start	:	true
Nov 22, 2024 11:21:03 AM server.Servant permMapper
INFO: 	stop	:	true
Nov 22, 2024 11:21:03 AM server.Servant permMapper
INFO: 	restart	:	true
Nov 22, 2024 11:21:03 AM server.Servant permMapper
INFO: 	status	:	true
Nov 22, 2024 11:21:03 AM server.Servant permMapper
INFO: 	readconfig	:	true
Nov 22, 2024 11:21:03 AM server.Servant permMapper
INFO: 	setconfig	:	true
Nov 22, 2024 11:21:03 AM server.Servant mapRoles
INFO: Read role: poweruser with perms: 
Nov 22, 2024 11:21:03 AM server.Servant permMapper
INFO: 	print	:	true
Nov 22, 2024 11:21:03 AM server.Servant permMapper
INFO: 	queue	:	true
Nov 22, 2024 11:21:03 AM server.Servant permMapper
INFO: 	topqueue	:	true
Nov 22, 2024 11:21:03 AM server.Servant permMapper
INFO: 	start	:	false
Nov 22, 2024 11:21:03 AM server.Servant permMapper
INFO: 	stop	:	false
Nov 22, 2024 11:21:03 AM server.Servant permMapper
INFO: 	restart	:	true
Nov 22, 2024 11:21:03 AM server.Servant permMapper
INFO: 	status	:	false
Nov 22, 2024 11:21:03 AM server.Servant permMapper
INFO: 	readconfig	:	false
Nov 22, 2024 11:21:03 AM server.Servant permMapper
INFO: 	setconfig	:	false
Nov 22, 2024 11:21:03 AM server.Servant mapRoles
INFO: Read role: user with perms: 
Nov 22, 2024 11:21:03 AM server.Servant permMapper
INFO: 	print	:	true
Nov 22, 2024 11:21:03 AM server.Servant permMapper
INFO: 	queue	:	true
Nov 22, 2024 11:21:03 AM server.Servant permMapper
INFO: 	topqueue	:	false
Nov 22, 2024 11:21:03 AM server.Servant permMapper
INFO: 	start	:	false
Nov 22, 2024 11:21:03 AM server.Servant permMapper
INFO: 	stop	:	false
Nov 22, 2024 11:21:03 AM server.Servant permMapper
INFO: 	restart	:	false
Nov 22, 2024 11:21:03 AM server.Servant permMapper
INFO: 	status	:	false
Nov 22, 2024 11:21:03 AM server.Servant permMapper
INFO: 	readconfig	:	false
Nov 22, 2024 11:21:03 AM server.Servant permMapper
INFO: 	setconfig	:	false
Nov 22, 2024 5:24:56 PM server.Servant configureLogger
INFO: Logger configuration complete.
Nov 22, 2024 5:24:56 PM server.Servant mapUsers
INFO: Read user: AliceAdmin with role: admin
Nov 22, 2024 5:24:56 PM server.Servant mapUsers
INFO: Read user: BobJanitor with role: tech
Nov 22, 2024 5:24:56 PM server.Servant mapUsers
INFO: Read user: CeciliaPowerUser with role: poweruser
Nov 22, 2024 5:24:56 PM server.Servant mapUsers
INFO: Read user: DavidUser with role: user
Nov 22, 2024 5:24:56 PM server.Servant mapUsers
INFO: Read user: EricaUser with role: user
Nov 22, 2024 5:24:56 PM server.Servant mapUsers
INFO: Read user: FredUser with role: user
Nov 22, 2024 5:24:56 PM server.Servant mapUsers
INFO: Read user: GeorgeUser with role: user
Nov 22, 2024 5:24:56 PM server.Servant mapRoles
INFO: Read role: admin with perms: 
Nov 22, 2024 5:24:56 PM server.Servant permMapper
INFO: 	print	:	true
Nov 22, 2024 5:24:56 PM server.Servant permMapper
INFO: 	queue	:	true
Nov 22, 2024 5:24:56 PM server.Servant permMapper
INFO: 	topqueue	:	true
Nov 22, 2024 5:24:56 PM server.Servant permMapper
INFO: 	start	:	true
Nov 22, 2024 5:24:56 PM server.Servant permMapper
INFO: 	stop	:	true
Nov 22, 2024 5:24:56 PM server.Servant permMapper
INFO: 	restart	:	true
Nov 22, 2024 5:24:56 PM server.Servant permMapper
INFO: 	status	:	true
Nov 22, 2024 5:24:56 PM server.Servant permMapper
INFO: 	readconfig	:	true
Nov 22, 2024 5:24:56 PM server.Servant permMapper
INFO: 	setconfig	:	true
Nov 22, 2024 5:24:56 PM server.Servant mapRoles
INFO: Read role: tech with perms: 
Nov 22, 2024 5:24:56 PM server.Servant permMapper
INFO: 	print	:	false
Nov 22, 2024 5:24:56 PM server.Servant permMapper
INFO: 	queue	:	false
Nov 22, 2024 5:24:56 PM server.Servant permMapper
INFO: 	topqueue	:	false
Nov 22, 2024 5:24:56 PM server.Servant permMapper
INFO: 	start	:	true
Nov 22, 2024 5:24:56 PM server.Servant permMapper
INFO: 	stop	:	true
Nov 22, 2024 5:24:56 PM server.Servant permMapper
INFO: 	restart	:	true
Nov 22, 2024 5:24:56 PM server.Servant permMapper
INFO: 	status	:	true
Nov 22, 2024 5:24:56 PM server.Servant permMapper
INFO: 	readconfig	:	true
Nov 22, 2024 5:24:56 PM server.Servant permMapper
INFO: 	setconfig	:	true
Nov 22, 2024 5:24:56 PM server.Servant mapRoles
INFO: Read role: poweruser with perms: 
Nov 22, 2024 5:24:56 PM server.Servant permMapper
INFO: 	print	:	true
Nov 22, 2024 5:24:56 PM server.Servant permMapper
INFO: 	queue	:	true
Nov 22, 2024 5:24:56 PM server.Servant permMapper
INFO: 	topqueue	:	true
Nov 22, 2024 5:24:56 PM server.Servant permMapper
INFO: 	start	:	false
Nov 22, 2024 5:24:56 PM server.Servant permMapper
INFO: 	stop	:	false
Nov 22, 2024 5:24:56 PM server.Servant permMapper
INFO: 	restart	:	true
Nov 22, 2024 5:24:56 PM server.Servant permMapper
INFO: 	status	:	false
Nov 22, 2024 5:24:56 PM server.Servant permMapper
INFO: 	readconfig	:	false
Nov 22, 2024 5:24:56 PM server.Servant permMapper
INFO: 	setconfig	:	false
Nov 22, 2024 5:24:56 PM server.Servant mapRoles
INFO: Read role: user with perms: 
Nov 22, 2024 5:24:56 PM server.Servant permMapper
INFO: 	print	:	true
Nov 22, 2024 5:24:56 PM server.Servant permMapper
INFO: 	queue	:	true
Nov 22, 2024 5:24:56 PM server.Servant permMapper
INFO: 	topqueue	:	false
Nov 22, 2024 5:24:56 PM server.Servant permMapper
INFO: 	start	:	false
Nov 22, 2024 5:24:56 PM server.Servant permMapper
INFO: 	stop	:	false
Nov 22, 2024 5:24:56 PM server.Servant permMapper
INFO: 	restart	:	false
Nov 22, 2024 5:24:56 PM server.Servant permMapper
INFO: 	status	:	false
Nov 22, 2024 5:24:56 PM server.Servant permMapper
INFO: 	readconfig	:	false
Nov 22, 2024 5:24:56 PM server.Servant permMapper
INFO: 	setconfig	:	false
Nov 22, 2024 5:25:57 PM server.Servant login
INFO: User AliceAdmin logged in with session valid until: 1732292757523
Nov 22, 2024 5:26:02 PM server.Servant isSessionValid
INFO: Session expired for user: AliceAdmin
Nov 22, 2024 5:26:02 PM server.Servant validateSession
WARNING: Unauthorized access attempt by user: AliceAdmin
Nov 22, 2024 5:26:15 PM server.Servant login
INFO: User AliceAdmin logged in with session valid until: 1732292775190
Nov 22, 2024 10:13:39 PM server.Servant configureLogger
INFO: Logger configuration complete.
Nov 22, 2024 10:13:40 PM server.Servant mapUsers
INFO: Read user: AliceAdmin with role: admin
Nov 22, 2024 10:13:40 PM server.Servant mapUsers
INFO: Read user: BobJanitor with role: tech
Nov 22, 2024 10:13:40 PM server.Servant mapUsers
INFO: Read user: CeciliaPowerUser with role: poweruser
Nov 22, 2024 10:13:40 PM server.Servant mapUsers
INFO: Read user: DavidUser with role: user
Nov 22, 2024 10:13:40 PM server.Servant mapUsers
INFO: Read user: EricaUser with role: user
Nov 22, 2024 10:13:40 PM server.Servant mapUsers
INFO: Read user: FredUser with role: user
Nov 22, 2024 10:13:40 PM server.Servant mapUsers
INFO: Read user: GeorgeUser with role: user
Nov 22, 2024 10:13:40 PM server.Servant mapRoles
INFO: Read role: admin with perms: 
Nov 22, 2024 10:13:40 PM server.Servant permMapper
INFO: 	print	:	true
Nov 22, 2024 10:13:40 PM server.Servant permMapper
INFO: 	queue	:	true
Nov 22, 2024 10:13:40 PM server.Servant permMapper
INFO: 	topqueue	:	true
Nov 22, 2024 10:13:40 PM server.Servant permMapper
INFO: 	start	:	true
Nov 22, 2024 10:13:40 PM server.Servant permMapper
INFO: 	stop	:	true
Nov 22, 2024 10:13:40 PM server.Servant permMapper
INFO: 	restart	:	true
Nov 22, 2024 10:13:40 PM server.Servant permMapper
INFO: 	status	:	true
Nov 22, 2024 10:13:40 PM server.Servant permMapper
INFO: 	readconfig	:	true
Nov 22, 2024 10:13:40 PM server.Servant permMapper
INFO: 	setconfig	:	true
Nov 22, 2024 10:13:40 PM server.Servant mapRoles
INFO: Read role: tech with perms: 
Nov 22, 2024 10:13:40 PM server.Servant permMapper
INFO: 	print	:	false
Nov 22, 2024 10:13:40 PM server.Servant permMapper
INFO: 	queue	:	false
Nov 22, 2024 10:13:40 PM server.Servant permMapper
INFO: 	topqueue	:	false
Nov 22, 2024 10:13:40 PM server.Servant permMapper
INFO: 	start	:	true
Nov 22, 2024 10:13:40 PM server.Servant permMapper
INFO: 	stop	:	true
Nov 22, 2024 10:13:40 PM server.Servant permMapper
INFO: 	restart	:	true
Nov 22, 2024 10:13:40 PM server.Servant permMapper
INFO: 	status	:	true
Nov 22, 2024 10:13:40 PM server.Servant permMapper
INFO: 	readconfig	:	true
Nov 22, 2024 10:13:40 PM server.Servant permMapper
INFO: 	setconfig	:	true
Nov 22, 2024 10:13:40 PM server.Servant mapRoles
INFO: Read role: poweruser with perms: 
Nov 22, 2024 10:13:40 PM server.Servant permMapper
INFO: 	print	:	true
Nov 22, 2024 10:13:40 PM server.Servant permMapper
INFO: 	queue	:	true
Nov 22, 2024 10:13:40 PM server.Servant permMapper
INFO: 	topqueue	:	true
Nov 22, 2024 10:13:40 PM server.Servant permMapper
INFO: 	start	:	false
Nov 22, 2024 10:13:40 PM server.Servant permMapper
INFO: 	stop	:	false
Nov 22, 2024 10:13:40 PM server.Servant permMapper
INFO: 	restart	:	true
Nov 22, 2024 10:13:40 PM server.Servant permMapper
INFO: 	status	:	false
Nov 22, 2024 10:13:40 PM server.Servant permMapper
INFO: 	readconfig	:	false
Nov 22, 2024 10:13:40 PM server.Servant permMapper
INFO: 	setconfig	:	false
Nov 22, 2024 10:13:40 PM server.Servant mapRoles
INFO: Read role: user with perms: 
Nov 22, 2024 10:13:40 PM server.Servant permMapper
INFO: 	print	:	true
Nov 22, 2024 10:13:40 PM server.Servant permMapper
INFO: 	queue	:	true
Nov 22, 2024 10:13:40 PM server.Servant permMapper
INFO: 	topqueue	:	false
Nov 22, 2024 10:13:40 PM server.Servant permMapper
INFO: 	start	:	false
Nov 22, 2024 10:13:40 PM server.Servant permMapper
INFO: 	stop	:	false
Nov 22, 2024 10:13:40 PM server.Servant permMapper
INFO: 	restart	:	false
Nov 22, 2024 10:13:40 PM server.Servant permMapper
INFO: 	status	:	false
Nov 22, 2024 10:13:40 PM server.Servant permMapper
INFO: 	readconfig	:	false
Nov 22, 2024 10:13:40 PM server.Servant permMapper
INFO: 	setconfig	:	false
Nov 22, 2024 10:13:49 PM server.Servant login
INFO: User BobJanitor logged in with session valid until: 1732310029218
Nov 22, 2024 10:14:03 PM server.Servant isSessionValid
INFO: Session expired for user: BobJanitor
Nov 22, 2024 10:14:03 PM server.Servant validateSession
WARNING: Unauthorized access attempt by user: BobJanitor
Nov 22, 2024 10:14:35 PM server.Servant configureLogger
INFO: Logger configuration complete.
Nov 22, 2024 10:14:35 PM server.Servant mapUsers
INFO: Read user: AliceAdmin with role: admin
Nov 22, 2024 10:14:35 PM server.Servant mapUsers
INFO: Read user: BobJanitor with role: tech
Nov 22, 2024 10:14:35 PM server.Servant mapUsers
INFO: Read user: CeciliaPowerUser with role: poweruser
Nov 22, 2024 10:14:35 PM server.Servant mapUsers
INFO: Read user: DavidUser with role: user
Nov 22, 2024 10:14:35 PM server.Servant mapUsers
INFO: Read user: EricaUser with role: user
Nov 22, 2024 10:14:35 PM server.Servant mapUsers
INFO: Read user: FredUser with role: user
Nov 22, 2024 10:14:35 PM server.Servant mapUsers
INFO: Read user: GeorgeUser with role: user
Nov 22, 2024 10:14:35 PM server.Servant mapRoles
INFO: Read role: admin with perms: 
Nov 22, 2024 10:14:35 PM server.Servant permMapper
INFO: 	print	:	true
Nov 22, 2024 10:14:35 PM server.Servant permMapper
INFO: 	queue	:	true
Nov 22, 2024 10:14:35 PM server.Servant permMapper
INFO: 	topqueue	:	true
Nov 22, 2024 10:14:35 PM server.Servant permMapper
INFO: 	start	:	true
Nov 22, 2024 10:14:35 PM server.Servant permMapper
INFO: 	stop	:	true
Nov 22, 2024 10:14:35 PM server.Servant permMapper
INFO: 	restart	:	true
Nov 22, 2024 10:14:35 PM server.Servant permMapper
INFO: 	status	:	true
Nov 22, 2024 10:14:35 PM server.Servant permMapper
INFO: 	readconfig	:	true
Nov 22, 2024 10:14:35 PM server.Servant permMapper
INFO: 	setconfig	:	true
Nov 22, 2024 10:14:35 PM server.Servant mapRoles
INFO: Read role: tech with perms: 
Nov 22, 2024 10:14:35 PM server.Servant permMapper
INFO: 	print	:	false
Nov 22, 2024 10:14:35 PM server.Servant permMapper
INFO: 	queue	:	false
Nov 22, 2024 10:14:35 PM server.Servant permMapper
INFO: 	topqueue	:	false
Nov 22, 2024 10:14:35 PM server.Servant permMapper
INFO: 	start	:	true
Nov 22, 2024 10:14:35 PM server.Servant permMapper
INFO: 	stop	:	true
Nov 22, 2024 10:14:35 PM server.Servant permMapper
INFO: 	restart	:	true
Nov 22, 2024 10:14:35 PM server.Servant permMapper
INFO: 	status	:	true
Nov 22, 2024 10:14:35 PM server.Servant permMapper
INFO: 	readconfig	:	true
Nov 22, 2024 10:14:35 PM server.Servant permMapper
INFO: 	setconfig	:	true
Nov 22, 2024 10:14:35 PM server.Servant mapRoles
INFO: Read role: poweruser with perms: 
Nov 22, 2024 10:14:35 PM server.Servant permMapper
INFO: 	print	:	true
Nov 22, 2024 10:14:35 PM server.Servant permMapper
INFO: 	queue	:	true
Nov 22, 2024 10:14:35 PM server.Servant permMapper
INFO: 	topqueue	:	true
Nov 22, 2024 10:14:35 PM server.Servant permMapper
INFO: 	start	:	false
Nov 22, 2024 10:14:35 PM server.Servant permMapper
INFO: 	stop	:	false
Nov 22, 2024 10:14:35 PM server.Servant permMapper
INFO: 	restart	:	true
Nov 22, 2024 10:14:35 PM server.Servant permMapper
INFO: 	status	:	false
Nov 22, 2024 10:14:35 PM server.Servant permMapper
INFO: 	readconfig	:	false
Nov 22, 2024 10:14:35 PM server.Servant permMapper
INFO: 	setconfig	:	false
Nov 22, 2024 10:14:35 PM server.Servant mapRoles
INFO: Read role: user with perms: 
Nov 22, 2024 10:14:35 PM server.Servant permMapper
INFO: 	print	:	true
Nov 22, 2024 10:14:35 PM server.Servant permMapper
INFO: 	queue	:	true
Nov 22, 2024 10:14:35 PM server.Servant permMapper
INFO: 	topqueue	:	false
Nov 22, 2024 10:14:35 PM server.Servant permMapper
INFO: 	start	:	false
Nov 22, 2024 10:14:35 PM server.Servant permMapper
INFO: 	stop	:	false
Nov 22, 2024 10:14:35 PM server.Servant permMapper
INFO: 	restart	:	false
Nov 22, 2024 10:14:35 PM server.Servant permMapper
INFO: 	status	:	false
Nov 22, 2024 10:14:35 PM server.Servant permMapper
INFO: 	readconfig	:	false
Nov 22, 2024 10:14:35 PM server.Servant permMapper
INFO: 	setconfig	:	false
Nov 22, 2024 10:14:42 PM server.Servant login
INFO: User BobJanitor logged in with session valid until: 1732310382668
Nov 22, 2024 10:14:50 PM server.Servant isSessionValid
INFO: Session extended for user: BobJanitor
Nov 22, 2024 10:14:50 PM server.Servant setConfig
INFO: Set configuration command received. User: BobJanitor, Parameter: time, Value: 10
Nov 22, 2024 10:14:57 PM server.Servant configureLogger
INFO: Logger configuration complete.
Nov 22, 2024 10:14:57 PM server.Servant mapUsers
INFO: Read user: AliceAdmin with role: admin
Nov 22, 2024 10:14:57 PM server.Servant mapUsers
INFO: Read user: BobJanitor with role: tech
Nov 22, 2024 10:14:57 PM server.Servant mapUsers
INFO: Read user: CeciliaPowerUser with role: poweruser
Nov 22, 2024 10:14:57 PM server.Servant mapUsers
INFO: Read user: DavidUser with role: user
Nov 22, 2024 10:14:57 PM server.Servant mapUsers
INFO: Read user: EricaUser with role: user
Nov 22, 2024 10:14:57 PM server.Servant mapUsers
INFO: Read user: FredUser with role: user
Nov 22, 2024 10:14:57 PM server.Servant mapUsers
INFO: Read user: GeorgeUser with role: user
Nov 22, 2024 10:14:57 PM server.Servant mapRoles
INFO: Read role: admin with perms: 
Nov 22, 2024 10:14:57 PM server.Servant permMapper
INFO: 	print	:	true
Nov 22, 2024 10:14:57 PM server.Servant permMapper
INFO: 	queue	:	true
Nov 22, 2024 10:14:57 PM server.Servant permMapper
INFO: 	topqueue	:	true
Nov 22, 2024 10:14:57 PM server.Servant permMapper
INFO: 	start	:	true
Nov 22, 2024 10:14:57 PM server.Servant permMapper
INFO: 	stop	:	true
Nov 22, 2024 10:14:57 PM server.Servant permMapper
INFO: 	restart	:	true
Nov 22, 2024 10:14:57 PM server.Servant permMapper
INFO: 	status	:	true
Nov 22, 2024 10:14:57 PM server.Servant permMapper
INFO: 	readconfig	:	true
Nov 22, 2024 10:14:57 PM server.Servant permMapper
INFO: 	setconfig	:	true
Nov 22, 2024 10:14:57 PM server.Servant mapRoles
INFO: Read role: tech with perms: 
Nov 22, 2024 10:14:57 PM server.Servant permMapper
INFO: 	print	:	false
Nov 22, 2024 10:14:57 PM server.Servant permMapper
INFO: 	queue	:	false
Nov 22, 2024 10:14:57 PM server.Servant permMapper
INFO: 	topqueue	:	false
Nov 22, 2024 10:14:57 PM server.Servant permMapper
INFO: 	start	:	true
Nov 22, 2024 10:14:57 PM server.Servant permMapper
INFO: 	stop	:	true
Nov 22, 2024 10:14:57 PM server.Servant permMapper
INFO: 	restart	:	true
Nov 22, 2024 10:14:57 PM server.Servant permMapper
INFO: 	status	:	true
Nov 22, 2024 10:14:57 PM server.Servant permMapper
INFO: 	readconfig	:	true
Nov 22, 2024 10:14:57 PM server.Servant permMapper
INFO: 	setconfig	:	true
Nov 22, 2024 10:14:57 PM server.Servant mapRoles
INFO: Read role: poweruser with perms: 
Nov 22, 2024 10:14:57 PM server.Servant permMapper
INFO: 	print	:	true
Nov 22, 2024 10:14:57 PM server.Servant permMapper
INFO: 	queue	:	true
Nov 22, 2024 10:14:57 PM server.Servant permMapper
INFO: 	topqueue	:	true
Nov 22, 2024 10:14:57 PM server.Servant permMapper
INFO: 	start	:	false
Nov 22, 2024 10:14:57 PM server.Servant permMapper
INFO: 	stop	:	false
Nov 22, 2024 10:14:57 PM server.Servant permMapper
INFO: 	restart	:	true
Nov 22, 2024 10:14:57 PM server.Servant permMapper
INFO: 	status	:	false
Nov 22, 2024 10:14:57 PM server.Servant permMapper
INFO: 	readconfig	:	false
Nov 22, 2024 10:14:57 PM server.Servant permMapper
INFO: 	setconfig	:	false
Nov 22, 2024 10:14:57 PM server.Servant mapRoles
INFO: Read role: user with perms: 
Nov 22, 2024 10:14:57 PM server.Servant permMapper
INFO: 	print	:	true
Nov 22, 2024 10:14:57 PM server.Servant permMapper
INFO: 	queue	:	true
Nov 22, 2024 10:14:57 PM server.Servant permMapper
INFO: 	topqueue	:	false
Nov 22, 2024 10:14:57 PM server.Servant permMapper
INFO: 	start	:	false
Nov 22, 2024 10:14:57 PM server.Servant permMapper
INFO: 	stop	:	false
Nov 22, 2024 10:14:57 PM server.Servant permMapper
INFO: 	restart	:	false
Nov 22, 2024 10:14:57 PM server.Servant permMapper
INFO: 	status	:	false
Nov 22, 2024 10:14:57 PM server.Servant permMapper
INFO: 	readconfig	:	false
Nov 22, 2024 10:14:57 PM server.Servant permMapper
INFO: 	setconfig	:	false
Nov 22, 2024 10:15:07 PM server.Servant login
INFO: User GeorgeUser logged in with session valid until: 1732310407896
Nov 22, 2024 10:15:21 PM server.Servant isSessionValid
INFO: Session extended for user: GeorgeUser
Nov 22, 2024 10:15:21 PM server.Servant print
INFO: Print command received. User: GeorgeUser, File: coolest.txt, Printer: coolestprinter
Nov 22, 2024 10:15:27 PM server.Servant isSessionValid
INFO: Session extended for user: GeorgeUser
Nov 22, 2024 10:20:27 PM server.Servant configureLogger
INFO: Logger configuration complete.
Nov 22, 2024 10:20:27 PM server.Servant mapUsers
INFO: Read user: AliceAdmin with role: admin
Nov 22, 2024 10:20:27 PM server.Servant mapUsers
INFO: Read user: BobJanitor with role: tech
Nov 22, 2024 10:20:27 PM server.Servant mapUsers
INFO: Read user: CeciliaPowerUser with role: poweruser
Nov 22, 2024 10:20:27 PM server.Servant mapUsers
INFO: Read user: DavidUser with role: user
Nov 22, 2024 10:20:27 PM server.Servant mapUsers
INFO: Read user: EricaUser with role: user
Nov 22, 2024 10:20:27 PM server.Servant mapUsers
INFO: Read user: FredUser with role: user
Nov 22, 2024 10:20:27 PM server.Servant mapUsers
INFO: Read user: GeorgeUser with role: user
Nov 22, 2024 10:20:27 PM server.Servant mapRoles
INFO: Read role: admin with perms: 
Nov 22, 2024 10:20:27 PM server.Servant permMapper
INFO: 	print	:	true
Nov 22, 2024 10:20:27 PM server.Servant permMapper
INFO: 	queue	:	true
Nov 22, 2024 10:20:27 PM server.Servant permMapper
INFO: 	topqueue	:	true
Nov 22, 2024 10:20:27 PM server.Servant permMapper
INFO: 	start	:	true
Nov 22, 2024 10:20:27 PM server.Servant permMapper
INFO: 	stop	:	true
Nov 22, 2024 10:20:27 PM server.Servant permMapper
INFO: 	restart	:	true
Nov 22, 2024 10:20:27 PM server.Servant permMapper
INFO: 	status	:	true
Nov 22, 2024 10:20:27 PM server.Servant permMapper
INFO: 	readconfig	:	true
Nov 22, 2024 10:20:27 PM server.Servant permMapper
INFO: 	setconfig	:	true
Nov 22, 2024 10:20:27 PM server.Servant mapRoles
INFO: Read role: tech with perms: 
Nov 22, 2024 10:20:27 PM server.Servant permMapper
INFO: 	print	:	false
Nov 22, 2024 10:20:27 PM server.Servant permMapper
INFO: 	queue	:	false
Nov 22, 2024 10:20:27 PM server.Servant permMapper
INFO: 	topqueue	:	false
Nov 22, 2024 10:20:27 PM server.Servant permMapper
INFO: 	start	:	true
Nov 22, 2024 10:20:27 PM server.Servant permMapper
INFO: 	stop	:	true
Nov 22, 2024 10:20:27 PM server.Servant permMapper
INFO: 	restart	:	true
Nov 22, 2024 10:20:27 PM server.Servant permMapper
INFO: 	status	:	true
Nov 22, 2024 10:20:27 PM server.Servant permMapper
INFO: 	readconfig	:	true
Nov 22, 2024 10:20:27 PM server.Servant permMapper
INFO: 	setconfig	:	true
Nov 22, 2024 10:20:27 PM server.Servant mapRoles
INFO: Read role: poweruser with perms: 
Nov 22, 2024 10:20:27 PM server.Servant permMapper
INFO: 	print	:	true
Nov 22, 2024 10:20:27 PM server.Servant permMapper
INFO: 	queue	:	true
Nov 22, 2024 10:20:27 PM server.Servant permMapper
INFO: 	topqueue	:	true
Nov 22, 2024 10:20:27 PM server.Servant permMapper
INFO: 	start	:	false
Nov 22, 2024 10:20:27 PM server.Servant permMapper
INFO: 	stop	:	false
Nov 22, 2024 10:20:27 PM server.Servant permMapper
INFO: 	restart	:	true
Nov 22, 2024 10:20:27 PM server.Servant permMapper
INFO: 	status	:	false
Nov 22, 2024 10:20:27 PM server.Servant permMapper
INFO: 	readconfig	:	false
Nov 22, 2024 10:20:27 PM server.Servant permMapper
INFO: 	setconfig	:	false
Nov 22, 2024 10:20:27 PM server.Servant mapRoles
INFO: Read role: user with perms: 
Nov 22, 2024 10:20:27 PM server.Servant permMapper
INFO: 	print	:	true
Nov 22, 2024 10:20:27 PM server.Servant permMapper
INFO: 	queue	:	true
Nov 22, 2024 10:20:27 PM server.Servant permMapper
INFO: 	topqueue	:	false
Nov 22, 2024 10:20:27 PM server.Servant permMapper
INFO: 	start	:	false
Nov 22, 2024 10:20:27 PM server.Servant permMapper
INFO: 	stop	:	false
Nov 22, 2024 10:20:27 PM server.Servant permMapper
INFO: 	restart	:	false
Nov 22, 2024 10:20:27 PM server.Servant permMapper
INFO: 	status	:	false
Nov 22, 2024 10:20:27 PM server.Servant permMapper
INFO: 	readconfig	:	false
Nov 22, 2024 10:20:27 PM server.Servant permMapper
INFO: 	setconfig	:	false
Nov 22, 2024 10:20:36 PM server.Servant login
INFO: User GeorgeUser logged in with session valid until: 1732310736568
Nov 22, 2024 10:20:47 PM server.Servant isSessionValid
INFO: Session extended for user: GeorgeUser
Nov 22, 2024 10:20:47 PM server.Servant print
INFO: Print command received. User: GeorgeUser, File: coolest.txt, Printer: coolestprinter
Nov 22, 2024 10:20:53 PM server.Servant isSessionValid
INFO: Session extended for user: GeorgeUser
Nov 22, 2024 10:24:00 PM server.Servant configureLogger
INFO: Logger configuration complete.
Nov 22, 2024 10:24:00 PM server.Servant mapUsers
INFO: Read user: AliceAdmin with role: admin
Nov 22, 2024 10:24:00 PM server.Servant mapUsers
INFO: Read user: BobJanitor with role: tech
Nov 22, 2024 10:24:00 PM server.Servant mapUsers
INFO: Read user: CeciliaPowerUser with role: poweruser
Nov 22, 2024 10:24:00 PM server.Servant mapUsers
INFO: Read user: DavidUser with role: user
Nov 22, 2024 10:24:00 PM server.Servant mapUsers
INFO: Read user: EricaUser with role: user
Nov 22, 2024 10:24:00 PM server.Servant mapUsers
INFO: Read user: FredUser with role: user
Nov 22, 2024 10:24:00 PM server.Servant mapUsers
INFO: Read user: GeorgeUser with role: user
Nov 22, 2024 10:24:00 PM server.Servant mapRoles
INFO: Read role: admin with perms: 
Nov 22, 2024 10:24:00 PM server.Servant permMapper
INFO: 	print	:	true
Nov 22, 2024 10:24:00 PM server.Servant permMapper
INFO: 	queue	:	true
Nov 22, 2024 10:24:00 PM server.Servant permMapper
INFO: 	topqueue	:	true
Nov 22, 2024 10:24:00 PM server.Servant permMapper
INFO: 	start	:	true
Nov 22, 2024 10:24:00 PM server.Servant permMapper
INFO: 	stop	:	true
Nov 22, 2024 10:24:00 PM server.Servant permMapper
INFO: 	restart	:	true
Nov 22, 2024 10:24:00 PM server.Servant permMapper
INFO: 	status	:	true
Nov 22, 2024 10:24:00 PM server.Servant permMapper
INFO: 	readconfig	:	true
Nov 22, 2024 10:24:00 PM server.Servant permMapper
INFO: 	setconfig	:	true
Nov 22, 2024 10:24:00 PM server.Servant mapRoles
INFO: Read role: tech with perms: 
Nov 22, 2024 10:24:00 PM server.Servant permMapper
INFO: 	print	:	false
Nov 22, 2024 10:24:00 PM server.Servant permMapper
INFO: 	queue	:	false
Nov 22, 2024 10:24:00 PM server.Servant permMapper
INFO: 	topqueue	:	false
Nov 22, 2024 10:24:00 PM server.Servant permMapper
INFO: 	start	:	true
Nov 22, 2024 10:24:00 PM server.Servant permMapper
INFO: 	stop	:	true
Nov 22, 2024 10:24:00 PM server.Servant permMapper
INFO: 	restart	:	true
Nov 22, 2024 10:24:00 PM server.Servant permMapper
INFO: 	status	:	true
Nov 22, 2024 10:24:00 PM server.Servant permMapper
INFO: 	readconfig	:	true
Nov 22, 2024 10:24:00 PM server.Servant permMapper
INFO: 	setconfig	:	true
Nov 22, 2024 10:24:00 PM server.Servant mapRoles
INFO: Read role: poweruser with perms: 
Nov 22, 2024 10:24:00 PM server.Servant permMapper
INFO: 	print	:	true
Nov 22, 2024 10:24:00 PM server.Servant permMapper
INFO: 	queue	:	true
Nov 22, 2024 10:24:00 PM server.Servant permMapper
INFO: 	topqueue	:	true
Nov 22, 2024 10:24:00 PM server.Servant permMapper
INFO: 	start	:	false
Nov 22, 2024 10:24:00 PM server.Servant permMapper
INFO: 	stop	:	false
Nov 22, 2024 10:24:00 PM server.Servant permMapper
INFO: 	restart	:	true
Nov 22, 2024 10:24:00 PM server.Servant permMapper
INFO: 	status	:	false
Nov 22, 2024 10:24:00 PM server.Servant permMapper
INFO: 	readconfig	:	false
Nov 22, 2024 10:24:00 PM server.Servant permMapper
INFO: 	setconfig	:	false
Nov 22, 2024 10:24:00 PM server.Servant mapRoles
INFO: Read role: user with perms: 
Nov 22, 2024 10:24:00 PM server.Servant permMapper
INFO: 	print	:	true
Nov 22, 2024 10:24:00 PM server.Servant permMapper
INFO: 	queue	:	true
Nov 22, 2024 10:24:00 PM server.Servant permMapper
INFO: 	topqueue	:	false
Nov 22, 2024 10:24:00 PM server.Servant permMapper
INFO: 	start	:	false
Nov 22, 2024 10:24:00 PM server.Servant permMapper
INFO: 	stop	:	false
Nov 22, 2024 10:24:00 PM server.Servant permMapper
INFO: 	restart	:	false
Nov 22, 2024 10:24:00 PM server.Servant permMapper
INFO: 	status	:	false
Nov 22, 2024 10:24:00 PM server.Servant permMapper
INFO: 	readconfig	:	false
Nov 22, 2024 10:24:00 PM server.Servant permMapper
INFO: 	setconfig	:	false
Nov 22, 2024 10:24:12 PM server.Servant login
INFO: User GeorgeUser logged in with session valid until: 1732310952427
Nov 22, 2024 10:24:24 PM server.Servant isSessionValid
INFO: Session extended for user: GeorgeUser
Nov 22, 2024 10:24:24 PM server.Servant print
INFO: Print command received. User: GeorgeUser, File: coolest.txt, Printer: coolestprinter
Nov 22, 2024 10:24:32 PM server.Servant isSessionValid
INFO: Session extended for user: GeorgeUser
Nov 22, 2024 10:26:49 PM server.Servant configureLogger
INFO: Logger configuration complete.
Nov 22, 2024 10:26:49 PM server.Servant mapUsers
INFO: Read user: AliceAdmin with role: admin
Nov 22, 2024 10:26:49 PM server.Servant mapUsers
INFO: Read user: BobJanitor with role: tech
Nov 22, 2024 10:26:49 PM server.Servant mapUsers
INFO: Read user: CeciliaPowerUser with role: poweruser
Nov 22, 2024 10:26:49 PM server.Servant mapUsers
INFO: Read user: DavidUser with role: user
Nov 22, 2024 10:26:49 PM server.Servant mapUsers
INFO: Read user: EricaUser with role: user
Nov 22, 2024 10:26:49 PM server.Servant mapUsers
INFO: Read user: FredUser with role: user
Nov 22, 2024 10:26:49 PM server.Servant mapUsers
INFO: Read user: GeorgeUser with role: user
Nov 22, 2024 10:26:49 PM server.Servant mapRoles
INFO: Read role: admin with perms: 
Nov 22, 2024 10:26:49 PM server.Servant permMapper
INFO: 	print	:	true
Nov 22, 2024 10:26:49 PM server.Servant permMapper
INFO: 	queue	:	true
Nov 22, 2024 10:26:49 PM server.Servant permMapper
INFO: 	topqueue	:	true
Nov 22, 2024 10:26:49 PM server.Servant permMapper
INFO: 	start	:	true
Nov 22, 2024 10:26:49 PM server.Servant permMapper
INFO: 	stop	:	true
Nov 22, 2024 10:26:49 PM server.Servant permMapper
INFO: 	restart	:	true
Nov 22, 2024 10:26:49 PM server.Servant permMapper
INFO: 	status	:	true
Nov 22, 2024 10:26:49 PM server.Servant permMapper
INFO: 	readconfig	:	true
Nov 22, 2024 10:26:49 PM server.Servant permMapper
INFO: 	setconfig	:	true
Nov 22, 2024 10:26:49 PM server.Servant mapRoles
INFO: Read role: tech with perms: 
Nov 22, 2024 10:26:49 PM server.Servant permMapper
INFO: 	print	:	false
Nov 22, 2024 10:26:49 PM server.Servant permMapper
INFO: 	queue	:	false
Nov 22, 2024 10:26:49 PM server.Servant permMapper
INFO: 	topqueue	:	false
Nov 22, 2024 10:26:49 PM server.Servant permMapper
INFO: 	start	:	true
Nov 22, 2024 10:26:49 PM server.Servant permMapper
INFO: 	stop	:	true
Nov 22, 2024 10:26:49 PM server.Servant permMapper
INFO: 	restart	:	true
Nov 22, 2024 10:26:49 PM server.Servant permMapper
INFO: 	status	:	true
Nov 22, 2024 10:26:49 PM server.Servant permMapper
INFO: 	readconfig	:	true
Nov 22, 2024 10:26:49 PM server.Servant permMapper
INFO: 	setconfig	:	true
Nov 22, 2024 10:26:49 PM server.Servant mapRoles
INFO: Read role: poweruser with perms: 
Nov 22, 2024 10:26:49 PM server.Servant permMapper
INFO: 	print	:	true
Nov 22, 2024 10:26:49 PM server.Servant permMapper
INFO: 	queue	:	true
Nov 22, 2024 10:26:49 PM server.Servant permMapper
INFO: 	topqueue	:	true
Nov 22, 2024 10:26:49 PM server.Servant permMapper
INFO: 	start	:	false
Nov 22, 2024 10:26:49 PM server.Servant permMapper
INFO: 	stop	:	false
Nov 22, 2024 10:26:49 PM server.Servant permMapper
INFO: 	restart	:	true
Nov 22, 2024 10:26:49 PM server.Servant permMapper
INFO: 	status	:	false
Nov 22, 2024 10:26:49 PM server.Servant permMapper
INFO: 	readconfig	:	false
Nov 22, 2024 10:26:49 PM server.Servant permMapper
INFO: 	setconfig	:	false
Nov 22, 2024 10:26:49 PM server.Servant mapRoles
INFO: Read role: user with perms: 
Nov 22, 2024 10:26:49 PM server.Servant permMapper
INFO: 	print	:	true
Nov 22, 2024 10:26:49 PM server.Servant permMapper
INFO: 	queue	:	true
Nov 22, 2024 10:26:49 PM server.Servant permMapper
INFO: 	topqueue	:	false
Nov 22, 2024 10:26:49 PM server.Servant permMapper
INFO: 	start	:	false
Nov 22, 2024 10:26:49 PM server.Servant permMapper
INFO: 	stop	:	false
Nov 22, 2024 10:26:49 PM server.Servant permMapper
INFO: 	restart	:	false
Nov 22, 2024 10:26:49 PM server.Servant permMapper
INFO: 	status	:	false
Nov 22, 2024 10:26:49 PM server.Servant permMapper
INFO: 	readconfig	:	false
Nov 22, 2024 10:26:49 PM server.Servant permMapper
INFO: 	setconfig	:	false
Nov 22, 2024 10:26:58 PM server.Servant login
INFO: User GeorgeUser logged in with session valid until: 1732311118636
Nov 22, 2024 10:27:02 PM server.Servant isSessionValid
INFO: Session extended for user: GeorgeUser
Nov 22, 2024 10:27:22 PM server.Servant configureLogger
INFO: Logger configuration complete.
Nov 22, 2024 10:27:22 PM server.Servant mapUsers
INFO: Read user: AliceAdmin with role: admin
Nov 22, 2024 10:27:22 PM server.Servant mapUsers
INFO: Read user: BobJanitor with role: tech
Nov 22, 2024 10:27:22 PM server.Servant mapUsers
INFO: Read user: CeciliaPowerUser with role: poweruser
Nov 22, 2024 10:27:22 PM server.Servant mapUsers
INFO: Read user: DavidUser with role: user
Nov 22, 2024 10:27:22 PM server.Servant mapUsers
INFO: Read user: EricaUser with role: user
Nov 22, 2024 10:27:22 PM server.Servant mapUsers
INFO: Read user: FredUser with role: user
Nov 22, 2024 10:27:22 PM server.Servant mapUsers
INFO: Read user: GeorgeUser with role: user
Nov 22, 2024 10:27:22 PM server.Servant mapRoles
INFO: Read role: admin with perms: 
Nov 22, 2024 10:27:22 PM server.Servant permMapper
INFO: 	print	:	true
Nov 22, 2024 10:27:22 PM server.Servant permMapper
INFO: 	queue	:	true
Nov 22, 2024 10:27:22 PM server.Servant permMapper
INFO: 	topqueue	:	true
Nov 22, 2024 10:27:22 PM server.Servant permMapper
INFO: 	start	:	true
Nov 22, 2024 10:27:22 PM server.Servant permMapper
INFO: 	stop	:	true
Nov 22, 2024 10:27:22 PM server.Servant permMapper
INFO: 	restart	:	true
Nov 22, 2024 10:27:22 PM server.Servant permMapper
INFO: 	status	:	true
Nov 22, 2024 10:27:22 PM server.Servant permMapper
INFO: 	readconfig	:	true
Nov 22, 2024 10:27:22 PM server.Servant permMapper
INFO: 	setconfig	:	true
Nov 22, 2024 10:27:22 PM server.Servant mapRoles
INFO: Read role: tech with perms: 
Nov 22, 2024 10:27:22 PM server.Servant permMapper
INFO: 	print	:	false
Nov 22, 2024 10:27:22 PM server.Servant permMapper
INFO: 	queue	:	false
Nov 22, 2024 10:27:22 PM server.Servant permMapper
INFO: 	topqueue	:	false
Nov 22, 2024 10:27:22 PM server.Servant permMapper
INFO: 	start	:	true
Nov 22, 2024 10:27:22 PM server.Servant permMapper
INFO: 	stop	:	true
Nov 22, 2024 10:27:22 PM server.Servant permMapper
INFO: 	restart	:	true
Nov 22, 2024 10:27:22 PM server.Servant permMapper
INFO: 	status	:	true
Nov 22, 2024 10:27:22 PM server.Servant permMapper
INFO: 	readconfig	:	true
Nov 22, 2024 10:27:22 PM server.Servant permMapper
INFO: 	setconfig	:	true
Nov 22, 2024 10:27:22 PM server.Servant mapRoles
INFO: Read role: poweruser with perms: 
Nov 22, 2024 10:27:22 PM server.Servant permMapper
INFO: 	print	:	true
Nov 22, 2024 10:27:22 PM server.Servant permMapper
INFO: 	queue	:	true
Nov 22, 2024 10:27:22 PM server.Servant permMapper
INFO: 	topqueue	:	true
Nov 22, 2024 10:27:22 PM server.Servant permMapper
INFO: 	start	:	false
Nov 22, 2024 10:27:22 PM server.Servant permMapper
INFO: 	stop	:	false
Nov 22, 2024 10:27:22 PM server.Servant permMapper
INFO: 	restart	:	true
Nov 22, 2024 10:27:22 PM server.Servant permMapper
INFO: 	status	:	false
Nov 22, 2024 10:27:22 PM server.Servant permMapper
INFO: 	readconfig	:	false
Nov 22, 2024 10:27:22 PM server.Servant permMapper
INFO: 	setconfig	:	false
Nov 22, 2024 10:27:22 PM server.Servant mapRoles
INFO: Read role: user with perms: 
Nov 22, 2024 10:27:22 PM server.Servant permMapper
INFO: 	print	:	true
Nov 22, 2024 10:27:22 PM server.Servant permMapper
INFO: 	queue	:	true
Nov 22, 2024 10:27:22 PM server.Servant permMapper
INFO: 	topqueue	:	false
Nov 22, 2024 10:27:22 PM server.Servant permMapper
INFO: 	start	:	false
Nov 22, 2024 10:27:22 PM server.Servant permMapper
INFO: 	stop	:	false
Nov 22, 2024 10:27:22 PM server.Servant permMapper
INFO: 	restart	:	false
Nov 22, 2024 10:27:22 PM server.Servant permMapper
INFO: 	status	:	false
Nov 22, 2024 10:27:22 PM server.Servant permMapper
INFO: 	readconfig	:	false
Nov 22, 2024 10:27:22 PM server.Servant permMapper
INFO: 	setconfig	:	false
Nov 22, 2024 10:27:28 PM server.Servant login
INFO: User GeorgeUser logged in with session valid until: 1732311148588
Nov 22, 2024 10:27:35 PM server.Servant isSessionValid
INFO: Session extended for user: GeorgeUser
Nov 22, 2024 10:28:30 PM server.Servant configureLogger
INFO: Logger configuration complete.
Nov 22, 2024 10:28:30 PM server.Servant mapUsers
INFO: Read user: AliceAdmin with role: admin
Nov 22, 2024 10:28:30 PM server.Servant mapUsers
INFO: Read user: BobJanitor with role: tech
Nov 22, 2024 10:28:30 PM server.Servant mapUsers
INFO: Read user: CeciliaPowerUser with role: poweruser
Nov 22, 2024 10:28:30 PM server.Servant mapUsers
INFO: Read user: DavidUser with role: user
Nov 22, 2024 10:28:30 PM server.Servant mapUsers
INFO: Read user: EricaUser with role: user
Nov 22, 2024 10:28:30 PM server.Servant mapUsers
INFO: Read user: FredUser with role: user
Nov 22, 2024 10:28:30 PM server.Servant mapUsers
INFO: Read user: GeorgeUser with role: user
Nov 22, 2024 10:28:30 PM server.Servant mapRoles
INFO: Read role: admin with perms: 
Nov 22, 2024 10:28:30 PM server.Servant permMapper
INFO: 	print	:	true
Nov 22, 2024 10:28:30 PM server.Servant permMapper
INFO: 	queue	:	true
Nov 22, 2024 10:28:30 PM server.Servant permMapper
INFO: 	topqueue	:	true
Nov 22, 2024 10:28:30 PM server.Servant permMapper
INFO: 	start	:	true
Nov 22, 2024 10:28:30 PM server.Servant permMapper
INFO: 	stop	:	true
Nov 22, 2024 10:28:30 PM server.Servant permMapper
INFO: 	restart	:	true
Nov 22, 2024 10:28:30 PM server.Servant permMapper
INFO: 	status	:	true
Nov 22, 2024 10:28:30 PM server.Servant permMapper
INFO: 	readconfig	:	true
Nov 22, 2024 10:28:30 PM server.Servant permMapper
INFO: 	setconfig	:	true
Nov 22, 2024 10:28:30 PM server.Servant mapRoles
INFO: Read role: tech with perms: 
Nov 22, 2024 10:28:30 PM server.Servant permMapper
INFO: 	print	:	false
Nov 22, 2024 10:28:30 PM server.Servant permMapper
INFO: 	queue	:	false
Nov 22, 2024 10:28:30 PM server.Servant permMapper
INFO: 	topqueue	:	false
Nov 22, 2024 10:28:30 PM server.Servant permMapper
INFO: 	start	:	true
Nov 22, 2024 10:28:30 PM server.Servant permMapper
INFO: 	stop	:	true
Nov 22, 2024 10:28:30 PM server.Servant permMapper
INFO: 	restart	:	true
Nov 22, 2024 10:28:30 PM server.Servant permMapper
INFO: 	status	:	true
Nov 22, 2024 10:28:30 PM server.Servant permMapper
INFO: 	readconfig	:	true
Nov 22, 2024 10:28:30 PM server.Servant permMapper
INFO: 	setconfig	:	true
Nov 22, 2024 10:28:30 PM server.Servant mapRoles
INFO: Read role: poweruser with perms: 
Nov 22, 2024 10:28:30 PM server.Servant permMapper
INFO: 	print	:	true
Nov 22, 2024 10:28:30 PM server.Servant permMapper
INFO: 	queue	:	true
Nov 22, 2024 10:28:31 PM server.Servant permMapper
INFO: 	topqueue	:	true
Nov 22, 2024 10:28:31 PM server.Servant permMapper
INFO: 	start	:	false
Nov 22, 2024 10:28:31 PM server.Servant permMapper
INFO: 	stop	:	false
Nov 22, 2024 10:28:31 PM server.Servant permMapper
INFO: 	restart	:	true
Nov 22, 2024 10:28:31 PM server.Servant permMapper
INFO: 	status	:	false
Nov 22, 2024 10:28:31 PM server.Servant permMapper
INFO: 	readconfig	:	false
Nov 22, 2024 10:28:31 PM server.Servant permMapper
INFO: 	setconfig	:	false
Nov 22, 2024 10:28:31 PM server.Servant mapRoles
INFO: Read role: user with perms: 
Nov 22, 2024 10:28:31 PM server.Servant permMapper
INFO: 	print	:	true
Nov 22, 2024 10:28:31 PM server.Servant permMapper
INFO: 	queue	:	true
Nov 22, 2024 10:28:31 PM server.Servant permMapper
INFO: 	topqueue	:	false
Nov 22, 2024 10:28:31 PM server.Servant permMapper
INFO: 	start	:	false
Nov 22, 2024 10:28:31 PM server.Servant permMapper
INFO: 	stop	:	false
Nov 22, 2024 10:28:31 PM server.Servant permMapper
INFO: 	restart	:	false
Nov 22, 2024 10:28:31 PM server.Servant permMapper
INFO: 	status	:	false
Nov 22, 2024 10:28:31 PM server.Servant permMapper
INFO: 	readconfig	:	false
Nov 22, 2024 10:28:31 PM server.Servant permMapper
INFO: 	setconfig	:	false
Nov 22, 2024 10:28:47 PM server.Servant login
INFO: User GeorgeUser logged in with session valid until: 1732311227292
Nov 22, 2024 10:28:52 PM server.Servant isSessionValid
INFO: Session extended for user: GeorgeUser
Nov 22, 2024 10:31:53 PM server.Servant configureLogger
INFO: Logger configuration complete.
Nov 22, 2024 10:31:53 PM server.Servant mapUsers
INFO: Read user: AliceAdmin with role: admin
Nov 22, 2024 10:31:53 PM server.Servant mapUsers
INFO: Read user: BobJanitor with role: tech
Nov 22, 2024 10:31:53 PM server.Servant mapUsers
INFO: Read user: CeciliaPowerUser with role: poweruser
Nov 22, 2024 10:31:53 PM server.Servant mapUsers
INFO: Read user: DavidUser with role: user
Nov 22, 2024 10:31:53 PM server.Servant mapUsers
INFO: Read user: EricaUser with role: user
Nov 22, 2024 10:31:53 PM server.Servant mapUsers
INFO: Read user: FredUser with role: user
Nov 22, 2024 10:31:53 PM server.Servant mapUsers
INFO: Read user: GeorgeUser with role: user
Nov 22, 2024 10:31:53 PM server.Servant mapRoles
INFO: Read role: admin with perms: 
Nov 22, 2024 10:31:53 PM server.Servant permMapper
INFO: 	print	:	true
Nov 22, 2024 10:31:53 PM server.Servant permMapper
INFO: 	queue	:	true
Nov 22, 2024 10:31:53 PM server.Servant permMapper
INFO: 	topqueue	:	true
Nov 22, 2024 10:31:53 PM server.Servant permMapper
INFO: 	start	:	true
Nov 22, 2024 10:31:53 PM server.Servant permMapper
INFO: 	stop	:	true
Nov 22, 2024 10:31:53 PM server.Servant permMapper
INFO: 	restart	:	true
Nov 22, 2024 10:31:53 PM server.Servant permMapper
INFO: 	status	:	true
Nov 22, 2024 10:31:53 PM server.Servant permMapper
INFO: 	readconfig	:	true
Nov 22, 2024 10:31:53 PM server.Servant permMapper
INFO: 	setconfig	:	true
Nov 22, 2024 10:31:53 PM server.Servant mapRoles
INFO: Read role: tech with perms: 
Nov 22, 2024 10:31:53 PM server.Servant permMapper
INFO: 	print	:	false
Nov 22, 2024 10:31:53 PM server.Servant permMapper
INFO: 	queue	:	false
Nov 22, 2024 10:31:53 PM server.Servant permMapper
INFO: 	topqueue	:	false
Nov 22, 2024 10:31:53 PM server.Servant permMapper
INFO: 	start	:	true
Nov 22, 2024 10:31:53 PM server.Servant permMapper
INFO: 	stop	:	true
Nov 22, 2024 10:31:53 PM server.Servant permMapper
INFO: 	restart	:	true
Nov 22, 2024 10:31:53 PM server.Servant permMapper
INFO: 	status	:	true
Nov 22, 2024 10:31:53 PM server.Servant permMapper
INFO: 	readconfig	:	true
Nov 22, 2024 10:31:53 PM server.Servant permMapper
INFO: 	setconfig	:	true
Nov 22, 2024 10:31:53 PM server.Servant mapRoles
INFO: Read role: poweruser with perms: 
Nov 22, 2024 10:31:53 PM server.Servant permMapper
INFO: 	print	:	true
Nov 22, 2024 10:31:53 PM server.Servant permMapper
INFO: 	queue	:	true
Nov 22, 2024 10:31:53 PM server.Servant permMapper
INFO: 	topqueue	:	true
Nov 22, 2024 10:31:53 PM server.Servant permMapper
INFO: 	start	:	false
Nov 22, 2024 10:31:53 PM server.Servant permMapper
INFO: 	stop	:	false
Nov 22, 2024 10:31:53 PM server.Servant permMapper
INFO: 	restart	:	true
Nov 22, 2024 10:31:53 PM server.Servant permMapper
INFO: 	status	:	false
Nov 22, 2024 10:31:53 PM server.Servant permMapper
INFO: 	readconfig	:	false
Nov 22, 2024 10:31:53 PM server.Servant permMapper
INFO: 	setconfig	:	false
Nov 22, 2024 10:31:53 PM server.Servant mapRoles
INFO: Read role: user with perms: 
Nov 22, 2024 10:31:53 PM server.Servant permMapper
INFO: 	print	:	true
Nov 22, 2024 10:31:53 PM server.Servant permMapper
INFO: 	queue	:	true
Nov 22, 2024 10:31:53 PM server.Servant permMapper
INFO: 	topqueue	:	false
Nov 22, 2024 10:31:53 PM server.Servant permMapper
INFO: 	start	:	false
Nov 22, 2024 10:31:53 PM server.Servant permMapper
INFO: 	stop	:	false
Nov 22, 2024 10:31:53 PM server.Servant permMapper
INFO: 	restart	:	false
Nov 22, 2024 10:31:53 PM server.Servant permMapper
INFO: 	status	:	false
Nov 22, 2024 10:31:53 PM server.Servant permMapper
INFO: 	readconfig	:	false
Nov 22, 2024 10:31:53 PM server.Servant permMapper
INFO: 	setconfig	:	false
Nov 22, 2024 10:32:00 PM server.Servant login
INFO: User GeorgeUser logged in with session valid until: 1732311420063
Nov 22, 2024 10:32:05 PM server.Servant isSessionValid
INFO: Session extended for user: GeorgeUser
Nov 22, 2024 10:32:05 PM server.Servant readConfig
WARNING: Unauthorized access attempt by user: GeorgeUser, Tried to run function: readConfig
Nov 22, 2024 10:32:24 PM server.Servant configureLogger
INFO: Logger configuration complete.
Nov 22, 2024 10:32:24 PM server.Servant mapUsers
INFO: Read user: AliceAdmin with role: admin
Nov 22, 2024 10:32:24 PM server.Servant mapUsers
INFO: Read user: BobJanitor with role: tech
Nov 22, 2024 10:32:24 PM server.Servant mapUsers
INFO: Read user: CeciliaPowerUser with role: poweruser
Nov 22, 2024 10:32:24 PM server.Servant mapUsers
INFO: Read user: DavidUser with role: user
Nov 22, 2024 10:32:24 PM server.Servant mapUsers
INFO: Read user: EricaUser with role: user
Nov 22, 2024 10:32:24 PM server.Servant mapUsers
INFO: Read user: FredUser with role: user
Nov 22, 2024 10:32:24 PM server.Servant mapUsers
INFO: Read user: GeorgeUser with role: user
Nov 22, 2024 10:32:24 PM server.Servant mapRoles
INFO: Read role: admin with perms: 
Nov 22, 2024 10:32:24 PM server.Servant permMapper
INFO: 	print	:	true
Nov 22, 2024 10:32:24 PM server.Servant permMapper
INFO: 	queue	:	true
Nov 22, 2024 10:32:24 PM server.Servant permMapper
INFO: 	topqueue	:	true
Nov 22, 2024 10:32:24 PM server.Servant permMapper
INFO: 	start	:	true
Nov 22, 2024 10:32:24 PM server.Servant permMapper
INFO: 	stop	:	true
Nov 22, 2024 10:32:24 PM server.Servant permMapper
INFO: 	restart	:	true
Nov 22, 2024 10:32:24 PM server.Servant permMapper
INFO: 	status	:	true
Nov 22, 2024 10:32:24 PM server.Servant permMapper
INFO: 	readconfig	:	true
Nov 22, 2024 10:32:24 PM server.Servant permMapper
INFO: 	setconfig	:	true
Nov 22, 2024 10:32:24 PM server.Servant mapRoles
INFO: Read role: tech with perms: 
Nov 22, 2024 10:32:24 PM server.Servant permMapper
INFO: 	print	:	false
Nov 22, 2024 10:32:24 PM server.Servant permMapper
INFO: 	queue	:	false
Nov 22, 2024 10:32:24 PM server.Servant permMapper
INFO: 	topqueue	:	false
Nov 22, 2024 10:32:24 PM server.Servant permMapper
INFO: 	start	:	true
Nov 22, 2024 10:32:24 PM server.Servant permMapper
INFO: 	stop	:	true
Nov 22, 2024 10:32:24 PM server.Servant permMapper
INFO: 	restart	:	true
Nov 22, 2024 10:32:24 PM server.Servant permMapper
INFO: 	status	:	true
Nov 22, 2024 10:32:24 PM server.Servant permMapper
INFO: 	readconfig	:	true
Nov 22, 2024 10:32:24 PM server.Servant permMapper
INFO: 	setconfig	:	true
Nov 22, 2024 10:32:24 PM server.Servant mapRoles
INFO: Read role: poweruser with perms: 
Nov 22, 2024 10:32:24 PM server.Servant permMapper
INFO: 	print	:	true
Nov 22, 2024 10:32:24 PM server.Servant permMapper
INFO: 	queue	:	true
Nov 22, 2024 10:32:24 PM server.Servant permMapper
INFO: 	topqueue	:	true
Nov 22, 2024 10:32:24 PM server.Servant permMapper
INFO: 	start	:	false
Nov 22, 2024 10:32:24 PM server.Servant permMapper
INFO: 	stop	:	false
Nov 22, 2024 10:32:24 PM server.Servant permMapper
INFO: 	restart	:	true
Nov 22, 2024 10:32:24 PM server.Servant permMapper
INFO: 	status	:	false
Nov 22, 2024 10:32:24 PM server.Servant permMapper
INFO: 	readconfig	:	false
Nov 22, 2024 10:32:24 PM server.Servant permMapper
INFO: 	setconfig	:	false
Nov 22, 2024 10:32:24 PM server.Servant mapRoles
INFO: Read role: user with perms: 
Nov 22, 2024 10:32:24 PM server.Servant permMapper
INFO: 	print	:	true
Nov 22, 2024 10:32:24 PM server.Servant permMapper
INFO: 	queue	:	true
Nov 22, 2024 10:32:24 PM server.Servant permMapper
INFO: 	topqueue	:	false
Nov 22, 2024 10:32:24 PM server.Servant permMapper
INFO: 	start	:	false
Nov 22, 2024 10:32:24 PM server.Servant permMapper
INFO: 	stop	:	false
Nov 22, 2024 10:32:24 PM server.Servant permMapper
INFO: 	restart	:	false
Nov 22, 2024 10:32:24 PM server.Servant permMapper
INFO: 	status	:	false
Nov 22, 2024 10:32:24 PM server.Servant permMapper
INFO: 	readconfig	:	false
Nov 22, 2024 10:32:24 PM server.Servant permMapper
INFO: 	setconfig	:	false
Nov 22, 2024 10:32:30 PM server.Servant login
INFO: User BobJanitor logged in with session valid until: 1732311450883
Nov 22, 2024 10:32:39 PM server.Servant isSessionValid
INFO: Session extended for user: BobJanitor
Nov 22, 2024 10:32:39 PM server.Servant setConfig
INFO: Set configuration command received. User: BobJanitor, Parameter: time, Value: 10
Nov 22, 2024 10:32:44 PM server.Servant configureLogger
INFO: Logger configuration complete.
Nov 22, 2024 10:32:45 PM server.Servant mapUsers
INFO: Read user: AliceAdmin with role: admin
Nov 22, 2024 10:32:45 PM server.Servant mapUsers
INFO: Read user: BobJanitor with role: tech
Nov 22, 2024 10:32:45 PM server.Servant mapUsers
INFO: Read user: CeciliaPowerUser with role: poweruser
Nov 22, 2024 10:32:45 PM server.Servant mapUsers
INFO: Read user: DavidUser with role: user
Nov 22, 2024 10:32:45 PM server.Servant mapUsers
INFO: Read user: EricaUser with role: user
Nov 22, 2024 10:32:45 PM server.Servant mapUsers
INFO: Read user: FredUser with role: user
Nov 22, 2024 10:32:45 PM server.Servant mapUsers
INFO: Read user: GeorgeUser with role: user
Nov 22, 2024 10:32:45 PM server.Servant mapRoles
INFO: Read role: admin with perms: 
Nov 22, 2024 10:32:45 PM server.Servant permMapper
INFO: 	print	:	true
Nov 22, 2024 10:32:45 PM server.Servant permMapper
INFO: 	queue	:	true
Nov 22, 2024 10:32:45 PM server.Servant permMapper
INFO: 	topqueue	:	true
Nov 22, 2024 10:32:45 PM server.Servant permMapper
INFO: 	start	:	true
Nov 22, 2024 10:32:45 PM server.Servant permMapper
INFO: 	stop	:	true
Nov 22, 2024 10:32:45 PM server.Servant permMapper
INFO: 	restart	:	true
Nov 22, 2024 10:32:45 PM server.Servant permMapper
INFO: 	status	:	true
Nov 22, 2024 10:32:45 PM server.Servant permMapper
INFO: 	readconfig	:	true
Nov 22, 2024 10:32:45 PM server.Servant permMapper
INFO: 	setconfig	:	true
Nov 22, 2024 10:32:45 PM server.Servant mapRoles
INFO: Read role: tech with perms: 
Nov 22, 2024 10:32:45 PM server.Servant permMapper
INFO: 	print	:	false
Nov 22, 2024 10:32:45 PM server.Servant permMapper
INFO: 	queue	:	false
Nov 22, 2024 10:32:45 PM server.Servant permMapper
INFO: 	topqueue	:	false
Nov 22, 2024 10:32:45 PM server.Servant permMapper
INFO: 	start	:	true
Nov 22, 2024 10:32:45 PM server.Servant permMapper
INFO: 	stop	:	true
Nov 22, 2024 10:32:45 PM server.Servant permMapper
INFO: 	restart	:	true
Nov 22, 2024 10:32:45 PM server.Servant permMapper
INFO: 	status	:	true
Nov 22, 2024 10:32:45 PM server.Servant permMapper
INFO: 	readconfig	:	true
Nov 22, 2024 10:32:45 PM server.Servant permMapper
INFO: 	setconfig	:	true
Nov 22, 2024 10:32:45 PM server.Servant mapRoles
INFO: Read role: poweruser with perms: 
Nov 22, 2024 10:32:45 PM server.Servant permMapper
INFO: 	print	:	true
Nov 22, 2024 10:32:45 PM server.Servant permMapper
INFO: 	queue	:	true
Nov 22, 2024 10:32:45 PM server.Servant permMapper
INFO: 	topqueue	:	true
Nov 22, 2024 10:32:45 PM server.Servant permMapper
INFO: 	start	:	false
Nov 22, 2024 10:32:45 PM server.Servant permMapper
INFO: 	stop	:	false
Nov 22, 2024 10:32:45 PM server.Servant permMapper
INFO: 	restart	:	true
Nov 22, 2024 10:32:45 PM server.Servant permMapper
INFO: 	status	:	false
Nov 22, 2024 10:32:45 PM server.Servant permMapper
INFO: 	readconfig	:	false
Nov 22, 2024 10:32:45 PM server.Servant permMapper
INFO: 	setconfig	:	false
Nov 22, 2024 10:32:45 PM server.Servant mapRoles
INFO: Read role: user with perms: 
Nov 22, 2024 10:32:45 PM server.Servant permMapper
INFO: 	print	:	true
Nov 22, 2024 10:32:45 PM server.Servant permMapper
INFO: 	queue	:	true
Nov 22, 2024 10:32:45 PM server.Servant permMapper
INFO: 	topqueue	:	false
Nov 22, 2024 10:32:45 PM server.Servant permMapper
INFO: 	start	:	false
Nov 22, 2024 10:32:45 PM server.Servant permMapper
INFO: 	stop	:	false
Nov 22, 2024 10:32:45 PM server.Servant permMapper
INFO: 	restart	:	false
Nov 22, 2024 10:32:45 PM server.Servant permMapper
INFO: 	status	:	false
Nov 22, 2024 10:32:45 PM server.Servant permMapper
INFO: 	readconfig	:	false
Nov 22, 2024 10:32:45 PM server.Servant permMapper
INFO: 	setconfig	:	false
Nov 22, 2024 10:32:52 PM server.Servant login
WARNING: Login failed for user: GeorgianUser
Nov 22, 2024 10:33:05 PM server.Servant login
INFO: User GeorgeUser logged in with session valid until: 1732311485300
Nov 22, 2024 10:33:21 PM server.Servant isSessionValid
INFO: Session extended for user: GeorgeUser
Nov 22, 2024 10:33:21 PM server.Servant print
INFO: Print command received. User: GeorgeUser, File: coolest.txt, Printer: coolestprinter
Nov 22, 2024 10:33:27 PM server.Servant isSessionValid
INFO: Session extended for user: GeorgeUser
Nov 22, 2024 10:33:27 PM server.Servant readConfig
WARNING: Unauthorized access attempt by user: GeorgeUser, Tried to run function: readConfig
